<?xml version="1.0" encoding="UTF-8"?>
<!-- Generated by org.testng.reporters.JUnitXMLReporter -->
<testsuite hostname="UTTKARSHs-MacBook-Air.local" ignored="0" name="Default test" tests="1" failures="0" timestamp="2020-05-27T00:53:40 IST" time="0.121" errors="0">
  <testcase name="@BeforeClass StartApplication" time="-1.590521020526E9" classname="com_Spicejet_TestCases.TC001_FlightBooking">
    <failure type="org.testng.TestNGException" message="
Parameter &amp;apos;browser&amp;apos; is required by BeforeClass on method StartApplication but has not been marked @Optional or defined
in /private/var/folders/rx/d4b5fjyx2hq_x27_mtlzyghh0000gn/T/testng-eclipse-147400498/testng-customsuite.xml">
      <![CDATA[org.testng.TestNGException: 
Parameter 'browser' is required by BeforeClass on method StartApplication but has not been marked @Optional or defined
in /private/var/folders/rx/d4b5fjyx2hq_x27_mtlzyghh0000gn/T/testng-eclipse-147400498/testng-customsuite.xml
at org.testng.internal.Parameters.createParams(Parameters.java:272)
at org.testng.internal.Parameters.createParametersForMethod(Parameters.java:360)
at org.testng.internal.Parameters.createParameters(Parameters.java:704)
at org.testng.internal.Parameters.createConfigurationParameters(Parameters.java:166)
at org.testng.internal.ConfigInvoker.invokeConfigurations(ConfigInvoker.java:283)
at org.testng.internal.TestMethodWorker.invokeBeforeClassMethods(TestMethodWorker.java:176)
at org.testng.internal.TestMethodWorker.run(TestMethodWorker.java:122)
at java.util.ArrayList.forEach(ArrayList.java:1257)
at org.testng.TestRunner.privateRun(TestRunner.java:766)
at org.testng.TestRunner.run(TestRunner.java:587)
at org.testng.SuiteRunner.runTest(SuiteRunner.java:384)
at org.testng.SuiteRunner.runSequentially(SuiteRunner.java:378)
at org.testng.SuiteRunner.privateRun(SuiteRunner.java:337)
at org.testng.SuiteRunner.run(SuiteRunner.java:286)
at org.testng.SuiteRunnerWorker.runSuite(SuiteRunnerWorker.java:53)
at org.testng.SuiteRunnerWorker.run(SuiteRunnerWorker.java:96)
at org.testng.TestNG.runSuitesSequentially(TestNG.java:1187)
at org.testng.TestNG.runSuitesLocally(TestNG.java:1109)
at org.testng.TestNG.runSuites(TestNG.java:1039)
at org.testng.TestNG.run(TestNG.java:1007)
at org.testng.remote.AbstractRemoteTestNG.run(AbstractRemoteTestNG.java:115)
at org.testng.remote.RemoteTestNG.initAndRun(RemoteTestNG.java:251)
at org.testng.remote.RemoteTestNG.main(RemoteTestNG.java:77)
]]>
    </failure>
  </testcase> <!-- @BeforeClass StartApplication -->
  <testcase name="@AfterClass CloseBrowser" time="-1.590521020555E9" classname="com_Spicejet_TestCases.TC001_FlightBooking">
    <skipped/>
  </testcase> <!-- @AfterClass CloseBrowser -->
  <testcase name="checkFunctionality" time="0.0" classname="com_Spicejet_TestCases.TC001_FlightBooking">
    <skipped/>
  </testcase> <!-- checkFunctionality -->
</testsuite> <!-- Default test -->
