<?xml version="1.0" encoding="UTF-8"?>
<!-- Generated by org.testng.reporters.JUnitReportReporter -->
<testsuite skipped="1" hostname="UTTKARSHs-Air" name="com.Spicejet.TestCases.TC001_FlightBooking" tests="2" failures="0" timestamp="2020-05-22T13:35:48 IST" time="-1590134656.000" errors="1">
  <testcase name="FucntionalityCheck" time="0.000" classname="com.Spicejet.TestCases.TC001_FlightBooking">
    <skipped/>
  </testcase> <!-- FucntionalityCheck -->
  <system-out/>
  <testcase name="StartApplication" time="-1590134656.000" classname="com.Spicejet.TestCases.TC001_FlightBooking">
    <error type="org.testng.TestNGException" message="
Parameter &#039;browser&#039; is required by BeforeClass on method StartApplication but has not been marked @Optional or defined
in /private/var/folders/rx/d4b5fjyx2hq_x27_mtlzyghh0000gn/T/testng-eclipse--629174072/testng-customsuite.xml">
      <![CDATA[org.testng.TestNGException: 
Parameter 'browser' is required by BeforeClass on method StartApplication but has not been marked @Optional or defined
in /private/var/folders/rx/d4b5fjyx2hq_x27_mtlzyghh0000gn/T/testng-eclipse--629174072/testng-customsuite.xml
at org.testng.internal.Parameters.createParams(Parameters.java:272)
at org.testng.internal.Parameters.createParametersForMethod(Parameters.java:360)
at org.testng.internal.Parameters.createParameters(Parameters.java:704)
at org.testng.internal.Parameters.createConfigurationParameters(Parameters.java:166)
at org.testng.internal.ConfigInvoker.invokeConfigurations(ConfigInvoker.java:283)
at org.testng.internal.TestMethodWorker.invokeBeforeClassMethods(TestMethodWorker.java:176)
at org.testng.internal.TestMethodWorker.run(TestMethodWorker.java:122)
at java.util.ArrayList.forEach(ArrayList.java:1257)
at org.testng.TestRunner.privateRun(TestRunner.java:766)
at org.testng.TestRunner.run(TestRunner.java:587)
at org.testng.SuiteRunner.runTest(SuiteRunner.java:384)
at org.testng.SuiteRunner.runSequentially(SuiteRunner.java:378)
at org.testng.SuiteRunner.privateRun(SuiteRunner.java:337)
at org.testng.SuiteRunner.run(SuiteRunner.java:286)
at org.testng.SuiteRunnerWorker.runSuite(SuiteRunnerWorker.java:53)
at org.testng.SuiteRunnerWorker.run(SuiteRunnerWorker.java:96)
at org.testng.TestNG.runSuitesSequentially(TestNG.java:1187)
at org.testng.TestNG.runSuitesLocally(TestNG.java:1109)
at org.testng.TestNG.runSuites(TestNG.java:1039)
at org.testng.TestNG.run(TestNG.java:1007)
at org.testng.remote.AbstractRemoteTestNG.run(AbstractRemoteTestNG.java:115)
at org.testng.remote.RemoteTestNG.initAndRun(RemoteTestNG.java:251)
at org.testng.remote.RemoteTestNG.main(RemoteTestNG.java:77)
]]>
    </error>
  </testcase> <!-- StartApplication -->
  <system-out/>
</testsuite> <!-- com.Spicejet.TestCases.TC001_FlightBooking -->
